(node:28420) [DEP0040] DeprecationWarning: The `punycode` module is deprecated. Please use a userland alternative instead.
(Use `node --trace-deprecation ...` to show where the warning was created)
🚀 Professor Arti Backend Server running on port 8001
📊 Health check: http://localhost:8001/api/health
🔗 CORS enabled for: http://localhost:8000, http://localhost:3000, http://localhost:3001
[2025-09-12T04:26:21.580Z] GET /api/health
[2025-09-12T04:26:28.481Z] GET /api/calendar/events?calendar=Home&days=30
📅 Fetching 30 days of events from calendar "Home"
📅 Successfully retrieved 1 events
[2025-09-12T04:26:45.568Z] GET /api/calendar/events?calendar=Home&days=90
📅 Fetching 90 days of events from calendar "Home"
[2025-09-12T04:27:05.569Z] GET /api/calendar/events?calendar=Home&days=90
📅 Fetching 90 days of events from calendar "Home"
📅 Successfully retrieved 1 events
📅 Successfully retrieved 1 events
[2025-09-12T04:28:15.970Z] GET /api/calendar/events
📅 Fetching 30 days of events from calendar "Home"
[2025-09-12T04:28:15.975Z] GET /api/graph/data
[2025-09-12T04:28:15.978Z] GET /api/graph/data
[2025-09-12T04:28:19.442Z] GET /api/chat/professors
[2025-09-12T04:28:19.445Z] GET /api/calendar/events?calendar=Home&days=90
📅 Fetching 90 days of events from calendar "Home"
[2025-09-12T04:28:19.463Z] GET /api/chat/professors
📅 Successfully retrieved 1 events
[2025-09-12T04:28:23.820Z] GET /api/calendar/events
📅 Fetching 30 days of events from calendar "Home"
📅 Successfully retrieved 1 events
[2025-09-12T04:28:39.447Z] GET /api/calendar/events?calendar=Home&days=90
📅 Fetching 90 days of events from calendar "Home"
[2025-09-12T04:28:39.465Z] GET /api/calendar/events?calendar=Home&days=90
📅 Fetching 90 days of events from calendar "Home"
[2025-09-12T04:28:39.471Z] GET /api/calendar/events?calendar=Home&days=90
📅 Fetching 90 days of events from calendar "Home"
Error getting events: Error: AppleScript execution timeout
    at Timeout._onTimeout (/Users/jackolsen/Desktop/everything/Code/JavaScript/ProfessorArti/backend/services/calendar.js:55:41)
    at listOnTimeout (node:internal/timers:614:17)
    at process.processTimers (node:internal/timers:549:7)
Error getting events: Error: Apple Calendar is taking too long to respond. Please try again or check fewer days.
    at CalendarService.getUpcomingEvents (/Users/jackolsen/Desktop/everything/Code/JavaScript/ProfessorArti/backend/services/calendar.js:83:23)
    at async /Users/jackolsen/Desktop/everything/Code/JavaScript/ProfessorArti/backend/routes/calendar.js:29:20
Error getting events: Error: AppleScript execution timeout
    at Timeout._onTimeout (/Users/jackolsen/Desktop/everything/Code/JavaScript/ProfessorArti/backend/services/calendar.js:55:41)
    at listOnTimeout (node:internal/timers:614:17)
    at process.processTimers (node:internal/timers:549:7)
Error getting events: Error: Apple Calendar is taking too long to respond. Please try again or check fewer days.
    at CalendarService.getUpcomingEvents (/Users/jackolsen/Desktop/everything/Code/JavaScript/ProfessorArti/backend/services/calendar.js:83:23)
    at async /Users/jackolsen/Desktop/everything/Code/JavaScript/ProfessorArti/backend/routes/calendar.js:29:20
Error getting events: Error: AppleScript execution timeout
    at Timeout._onTimeout (/Users/jackolsen/Desktop/everything/Code/JavaScript/ProfessorArti/backend/services/calendar.js:55:41)
    at listOnTimeout (node:internal/timers:614:17)
    at process.processTimers (node:internal/timers:549:7)
Error getting events: Error: Apple Calendar is taking too long to respond. Please try again or check fewer days.
    at CalendarService.getUpcomingEvents (/Users/jackolsen/Desktop/everything/Code/JavaScript/ProfessorArti/backend/services/calendar.js:83:23)
    at async /Users/jackolsen/Desktop/everything/Code/JavaScript/ProfessorArti/backend/routes/calendar.js:29:20
Error getting events: Error: AppleScript execution timeout
    at Timeout._onTimeout (/Users/jackolsen/Desktop/everything/Code/JavaScript/ProfessorArti/backend/services/calendar.js:55:41)
    at listOnTimeout (node:internal/timers:614:17)
    at process.processTimers (node:internal/timers:549:7)
Error getting events: Error: Apple Calendar is taking too long to respond. Please try again or check fewer days.
    at CalendarService.getUpcomingEvents (/Users/jackolsen/Desktop/everything/Code/JavaScript/ProfessorArti/backend/services/calendar.js:83:23)
    at async /Users/jackolsen/Desktop/everything/Code/JavaScript/ProfessorArti/backend/routes/calendar.js:29:20
[2025-09-12T04:29:10.537Z] GET /api/calendar/events?calendar=Home&days=90
📅 Fetching 90 days of events from calendar "Home"
[2025-09-12T04:29:10.539Z] GET /api/chat/professors
[2025-09-12T04:29:10.543Z] GET /api/chat/professors
[2025-09-12T04:29:30.572Z] GET /api/calendar/events?calendar=Home&days=90
📅 Fetching 90 days of events from calendar "Home"
[2025-09-12T04:29:30.574Z] GET /api/calendar/events?calendar=Home&days=90
📅 Fetching 90 days of events from calendar "Home"
[2025-09-12T04:29:30.576Z] GET /api/calendar/events?calendar=Home&days=90
📅 Fetching 90 days of events from calendar "Home"
Error getting events: Error: AppleScript execution timeout
    at Timeout._onTimeout (/Users/jackolsen/Desktop/everything/Code/JavaScript/ProfessorArti/backend/services/calendar.js:55:41)
    at listOnTimeout (node:internal/timers:614:17)
    at process.processTimers (node:internal/timers:549:7)
Error getting events: Error: Apple Calendar is taking too long to respond. Please try again or check fewer days.
    at CalendarService.getUpcomingEvents (/Users/jackolsen/Desktop/everything/Code/JavaScript/ProfessorArti/backend/services/calendar.js:83:23)
    at async /Users/jackolsen/Desktop/everything/Code/JavaScript/ProfessorArti/backend/routes/calendar.js:29:20
Error getting events: Error: AppleScript execution timeout
    at Timeout._onTimeout (/Users/jackolsen/Desktop/everything/Code/JavaScript/ProfessorArti/backend/services/calendar.js:55:41)
    at listOnTimeout (node:internal/timers:614:17)
    at process.processTimers (node:internal/timers:549:7)
Error getting events: Error: Apple Calendar is taking too long to respond. Please try again or check fewer days.
    at CalendarService.getUpcomingEvents (/Users/jackolsen/Desktop/everything/Code/JavaScript/ProfessorArti/backend/services/calendar.js:83:23)
    at runNextTicks (node:internal/process/task_queues:65:5)
    at listOnTimeout (node:internal/timers:575:9)
    at process.processTimers (node:internal/timers:549:7)
    at async /Users/jackolsen/Desktop/everything/Code/JavaScript/ProfessorArti/backend/routes/calendar.js:29:20
Error getting events: Error: AppleScript execution timeout
    at Timeout._onTimeout (/Users/jackolsen/Desktop/everything/Code/JavaScript/ProfessorArti/backend/services/calendar.js:55:41)
    at listOnTimeout (node:internal/timers:614:17)
    at process.processTimers (node:internal/timers:549:7)
Error getting events: Error: Apple Calendar is taking too long to respond. Please try again or check fewer days.
    at CalendarService.getUpcomingEvents (/Users/jackolsen/Desktop/everything/Code/JavaScript/ProfessorArti/backend/services/calendar.js:83:23)
    at runNextTicks (node:internal/process/task_queues:65:5)
    at listOnTimeout (node:internal/timers:575:9)
    at process.processTimers (node:internal/timers:549:7)
    at async /Users/jackolsen/Desktop/everything/Code/JavaScript/ProfessorArti/backend/routes/calendar.js:29:20
Error getting events: Error: AppleScript execution timeout
    at Timeout._onTimeout (/Users/jackolsen/Desktop/everything/Code/JavaScript/ProfessorArti/backend/services/calendar.js:55:41)
    at listOnTimeout (node:internal/timers:614:17)
    at process.processTimers (node:internal/timers:549:7)
Error getting events: Error: Apple Calendar is taking too long to respond. Please try again or check fewer days.
    at CalendarService.getUpcomingEvents (/Users/jackolsen/Desktop/everything/Code/JavaScript/ProfessorArti/backend/services/calendar.js:83:23)
    at runNextTicks (node:internal/process/task_queues:65:5)
    at listOnTimeout (node:internal/timers:575:9)
    at process.processTimers (node:internal/timers:549:7)
    at async /Users/jackolsen/Desktop/everything/Code/JavaScript/ProfessorArti/backend/routes/calendar.js:29:20
